Using pre-set license
Built from '2020.2/staging' branch; Version is '2020.2.6f1 (8a2143876886) revision 9052483'; Using compiler version '192528614'; Build Type 'Release'
OS: 'Windows 10 Home; OS build 19042.867; Version 2009; 64bit' Language: 'en' Physical Memory: 16188 MB
BatchMode: 1, IsHumanControllingUs: 0, StartBugReporterOnCrash: 0, Is64bit: 1, IsPro: 0

 COMMAND LINE ARGUMENTS:
D:\UnityHubUnitys\2020.2.6f1\Editor\Unity.exe
-adb2
-batchMode
-noUpm
-name
AssetImportWorker0
-projectPath
D:/UnityProjects/ZoomMod
-logFile
Logs/AssetImportWorker0.log
-srvPort
60147
Successfully changed project path to: D:/UnityProjects/ZoomMod
D:/UnityProjects/ZoomMod
Using Asset Import Pipeline V2.
Refreshing native plugins compatible for Editor in 22.90 ms, found 0 plugins.
Preloading 0 native plugins for Editor in 0.00 ms.
Initialize engine version: 2020.2.6f1 (8a2143876886)
[Subsystems] Discovering subsystems at path D:/UnityHubUnitys/2020.2.6f1/Editor/Data/Resources/UnitySubsystems
[Subsystems] Discovering subsystems at path D:/UnityProjects/ZoomMod/Assets
GfxDevice: creating device client; threaded=0
Direct3D:
    Version:  Direct3D 11.0 [level 11.1]
    Renderer: NVIDIA GeForce GTX 1050 (ID=0x1c91)
    Vendor:   
    VRAM:     2996 MB
    Driver:   27.21.14.6172
Initialize mono
Mono path[0] = 'D:/UnityHubUnitys/2020.2.6f1/Editor/Data/Managed'
Mono path[1] = 'D:/UnityHubUnitys/2020.2.6f1/Editor/Data/MonoBleedingEdge/lib/mono/unityjit'
Mono config path = 'D:/UnityHubUnitys/2020.2.6f1/Editor/Data/MonoBleedingEdge/etc'
Using monoOptions --debugger-agent=transport=dt_socket,embedding=1,server=y,suspend=n,address=127.0.0.1:56500
Begin MonoManager ReloadAssembly
Registering precompiled unity dll's ...
Register platform support module: D:/UnityHubUnitys/2020.2.6f1/Editor/Data/PlaybackEngines/WindowsStandaloneSupport/UnityEditor.WindowsStandalone.Extensions.dll
Registered in 0.001172 seconds.
Native extension for WindowsStandalone target not found
Refreshing native plugins compatible for Editor in 20.44 ms, found 0 plugins.
Preloading 0 native plugins for Editor in 0.00 ms.
Invoked RoslynAnalysisRunner static constructor.
RoslynAnalysisRunner will not be running.
RoslynAnalysisRunner has terminated.
Mono: successfully reloaded assembly
- Completed reload, in  0.757 seconds
Platform modules already initialized, skipping
Registering precompiled user dll's ...
Registered in 0.002427 seconds.
Begin MonoManager ReloadAssembly
Native extension for WindowsStandalone target not found
Refreshing native plugins compatible for Editor in 0.23 ms, found 0 plugins.
Preloading 0 native plugins for Editor in 0.00 ms.
Invoked RoslynAnalysisRunner static constructor.
RoslynAnalysisRunner will not be running.
RoslynAnalysisRunner has terminated.
Mono: successfully reloaded assembly
- Completed reload, in  0.744 seconds
Platform modules already initialized, skipping
========================================================================
Worker process is ready to serve import requests
Launched and connected shader compiler UnityShaderCompiler.exe after 0.04 seconds
Refreshing native plugins compatible for Editor in 0.21 ms, found 0 plugins.
Preloading 0 native plugins for Editor in 0.00 ms.
Unloading 1109 Unused Serialized files (Serialized files now loaded: 0)
System memory in use before: 56.9 MB.
System memory in use after: 56.9 MB.

Unloading 15 unused Assets to reduce memory usage. Loaded Objects now: 1554.
Total: 1.683200 ms (FindLiveObjects: 0.122500 ms CreateObjectMapping: 0.046300 ms MarkObjects: 1.433900 ms  DeleteObjects: 0.079300 ms)

========================================================================
Received Import Request.
  path: Assets/ModTool
  artifactKey: Guid(ea473329a4fa9174493f09c86b931b51) Importer(815301076,1909f56bfc062723c751e8b465ee728b)
Start importing Assets/ModTool using Guid(ea473329a4fa9174493f09c86b931b51) Importer(815301076,1909f56bfc062723c751e8b465ee728b)  -> (artifact id: '4e3845944d2cef24baf699410df644dc') in 0.016119 seconds
  Import took 0.017864 seconds .

========================================================================
Received Import Request.
  Time since last request: 2.643071 seconds.
  path: Assets/ModTool/Resources/ExportSettings.asset
  artifactKey: Guid(50b022a30017ea5409b3672c7b68f48c) Importer(815301076,1909f56bfc062723c751e8b465ee728b)
Start importing Assets/ModTool/Resources/ExportSettings.asset using Guid(50b022a30017ea5409b3672c7b68f48c) Importer(815301076,1909f56bfc062723c751e8b465ee728b)  -> (artifact id: '6fa268879f67471834eabaf4736533f0') in 0.124092 seconds
  Import took 0.125919 seconds .

========================================================================
Received Import Request.
  Time since last request: 0.000325 seconds.
  path: Assets/ModTool/Resources/ModExporter.asset
  artifactKey: Guid(7e3c2a5354a7b424880de3d4f1482ff3) Importer(815301076,1909f56bfc062723c751e8b465ee728b)
Start importing Assets/ModTool/Resources/ModExporter.asset using Guid(7e3c2a5354a7b424880de3d4f1482ff3) Importer(815301076,1909f56bfc062723c751e8b465ee728b)  -> (artifact id: '36b2b5f0a5784050e80a5697bcc6ad22') in 0.017300 seconds
  Import took 0.019706 seconds .

========================================================================
Received Import Request.
  Time since last request: 0.000329 seconds.
  path: Assets/ModTool/Resources/ModToolSettings.asset
  artifactKey: Guid(7cf07065a4873934c9fdefc14aca36d6) Importer(815301076,1909f56bfc062723c751e8b465ee728b)
Start importing Assets/ModTool/Resources/ModToolSettings.asset using Guid(7cf07065a4873934c9fdefc14aca36d6) Importer(815301076,1909f56bfc062723c751e8b465ee728b)  -> (artifact id: 'd848ecef76d85699570e59bdf90ab409') in 0.008882 seconds
  Import took 0.010720 seconds .

AssetImportWorkerClient::OnTransportError - code=2 error=End of file
